<?xml version="1.0" encoding="UTF-8"?>
<!-- Generated by org.testng.reporters.JUnitReportReporter -->
<testsuite hostname="NK" failures="0" tests="7" name="com.flikart.testscenairos.PlaceOrder" time="12.516" errors="0" timestamp="2022-04-18T17:37:39 IST" skipped="0">
  <testcase classname="com.flikart.testscenairos.PlaceOrder" name="validateLoginTest" time="9.827"/>
  <system-out/>
  <testcase classname="com.flikart.testscenairos.PlaceOrder" name="validateSeachProductTest" time="2.689"/>
  <system-out/>
  <testcase classname="com.flikart.testscenairos.PlaceOrder" name="validateSelectProductTest" time="0.000"/>
  <system-out/>
  <testcase classname="com.flikart.testscenairos.PlaceOrder" name="validateAddToCartTest" time="0.000"/>
  <system-out/>
  <testcase classname="com.flikart.testscenairos.PlaceOrder" name="validatePlaceOrderTest" time="0.000"/>
  <system-out/>
  <testcase classname="com.flikart.testscenairos.PlaceOrder" name="validateMakePayment" time="0.000"/>
  <system-out/>
  <testcase classname="com.flikart.testscenairos.PlaceOrder" name="validateLogoutTest" time="0.000"/>
  <system-out/>
</testsuite> <!-- com.flikart.testscenairos.PlaceOrder -->
